0	1	mikroCdsPIC.exe -MSF -DBG -pP33FJ256GP710A -DL -SSA -O11111114 -fo8 -N"D:\Clicks_git\T\Temp-Hum_10_click\SW\example\c\DSPIC\Click_TempHum10_DSPIC.mcpds" -SP"C:\Users\Public\Documents\Mikroelektronika\mikroC PRO for dsPIC\Defs\" -SP"C:\Users\Public\Documents\Mikroelektronika\mikroC PRO for dsPIC\Uses\" -SP"D:\Clicks_git\T\Temp-Hum_10_click\SW\example\c\DSPIC\" -SP"D:\Clicks_git\T\Temp-Hum_10_click\SW\library\HAL\" -SP"D:\Clicks_git\T\Temp-Hum_10_click\SW\library\" -SP"C:\Users\Public\Documents\Mikroelektronika\mikroC PRO for dsPIC\Packages\mikroBUS Board Definition API\Uses\" -IP"C:\Users\Public\Documents\Mikroelektronika\mikroC PRO for dsPIC\Uses\" -IP"D:\Clicks_git\T\Temp-Hum_10_click\SW\example\c\DSPIC\" -IP"D:\Clicks_git\T\Temp-Hum_10_click\SW\library\" -IP"D:\Clicks_git\T\Temp-Hum_10_click\SW\library\HAL\" -IP"C:\Users\Public\Documents\Mikroelektronika\mikroC PRO for dsPIC\Packages\mikroBUS Board Definition API\Uses\" "Click_TempHum10_DSPIC.c" "__temphum10_Driver.c" "__Lib_Math.mcl" "__Lib_MathDouble.mcl" "__Lib_System.mcl" "__Lib_Delays.mcl" "__Lib_CString.mcl" "__Lib_Conversions.mcl" "__Lib_I2C_12_p24_p33.mcl" "__Lib_UART_12_p24_p33.mcl" "easypicfusion_v7_P33FJ256GP710A.mcl" "Click_TempHum10.pld"	 
diagnostics: 0	121	Loading...	 
diagnostics: 0	122	Compilation Started	stdint.h
diagnostics: 81	123	Compiled Successfully	Click_TempHum10_DSPIC.c
diagnostics: 0	122	Compilation Started	stdint.h
diagnostics: 191	123	Compiled Successfully	__temphum10_Driver.c
hint: 323	1164	Variable 'tmp' has been eliminated by optimizer	__temphum10_Driver.c
hint: 95	1164	Variable 'tmp' has been eliminated by optimizer	__temphum10_Driver.c
hint: 133	1164	Variable 'humMsb' has been eliminated by optimizer	__temphum10_Driver.c
hint: 135	1164	Variable 'readData' has been eliminated by optimizer	__temphum10_Driver.c
hint: 136	1164	Variable 'Humidity' has been eliminated by optimizer	__temphum10_Driver.c
hint: 152	1164	Variable 'tempLsb' has been eliminated by optimizer	__temphum10_Driver.c
hint: 153	1164	Variable 'readData' has been eliminated by optimizer	__temphum10_Driver.c
hint: 154	1164	Variable 'Temperature' has been eliminated by optimizer	__temphum10_Driver.c
hint: 175	1164	Variable 'lsb' has been eliminated by optimizer	__temphum10_Driver.c
diagnostics: 0	127	All files Compiled in 109 ms	 
hint: 0	1144	Used RX (bytes): 32 (100%)   Free RX (bytes): 0 (0%)	Used RX (bytes): 32 (100%)   Free RX (bytes): 0 (0%)
hint: 0	1144	Static RAM (bytes): 145   Dynamic RAM (bytes): 30574	Static RAM (bytes): 145   Dynamic RAM (bytes): 30574
hint: 0	1144	Used ROM (bytes): 5380 (3%)  Free ROM (bytes): 169724 (97%)	Used ROM (bytes): 5380 (3%)  Free ROM (bytes): 169724 (97%)
diagnostics: 0	125	Project Linked Successfully	Click_TempHum10_DSPIC.mcpds
diagnostics: 0	128	Linked in 250 ms	 
diagnostics: 0	129	Project 'Click_TempHum10_DSPIC.mcpds' completed: 562 ms	 
diagnostics: 0	103	Finished successfully: 12 dec 2018, 15:56:34	Click_TempHum10_DSPIC.mcpds
