0	1	mikrocAVR.exe -MSF -DBG -pATMEGA32 -DL -SSA -O11111114 -fo8 -BOOTSZ2048 -BOOTOP0 -N"D:\Clicks_git\T\Temp-Hum_10_click\SW\example\c\AVR\Click_TempHum10_AVR.mcpav" -SP"C:\Users\Public\Documents\Mikroelektronika\mikroC PRO for AVR\Defs\" -SP"C:\Users\Public\Documents\Mikroelektronika\mikroC PRO for AVR\Uses\lte64kw\" -SP"D:\Clicks_git\T\Temp-Hum_10_click\SW\example\c\AVR\" -SP"D:\Clicks_git\T\Temp-Hum_10_click\SW\library\HAL\" -SP"D:\Clicks_git\T\Temp-Hum_10_click\SW\library\" -SP"C:\Users\Public\Documents\Mikroelektronika\mikroC PRO for AVR\Packages\mikroBUS Board Definition API\Uses\" -IP"C:\Users\Public\Documents\Mikroelektronika\mikroC PRO for AVR\Uses\lte64kw\" -IP"D:\Clicks_git\T\Temp-Hum_10_click\SW\example\c\AVR\" -IP"D:\Clicks_git\T\Temp-Hum_10_click\SW\library\" -IP"D:\Clicks_git\T\Temp-Hum_10_click\SW\library\HAL\" -IP"C:\Users\Public\Documents\Mikroelektronika\mikroC PRO for AVR\Packages\mikroBUS Board Definition API\Uses\" "Click_TempHum10_AVR.c" "__temphum10_Driver.c" "__Lib_Math.mcl" "__Lib_MathDouble.mcl" "__Lib_System.mcl" "__Lib_Delays.mcl" "__Lib_CString.mcl" "__Lib_Conversions.mcl" "__Lib_TWI.mcl" "__Lib_UART_d01_ursel.mcl" "easyavr_v7_ATMEGA32.mcl" "Click_TempHum10.pld"	 
diagnostics: 0	122	Compilation Started	stdint.h
diagnostics: 82	123	Compiled Successfully	Click_TempHum10_AVR.c
diagnostics: 0	122	Compilation Started	stdint.h
diagnostics: 191	123	Compiled Successfully	__temphum10_Driver.c
hint: 323	1164	Variable 'tmp' has been eliminated by optimizer	__temphum10_Driver.c
hint: 94	1164	Variable 'tmp' has been eliminated by optimizer	__temphum10_Driver.c
hint: 133	1164	Variable 'humMsb' has been eliminated by optimizer	__temphum10_Driver.c
hint: 136	1164	Variable 'Humidity' has been eliminated by optimizer	__temphum10_Driver.c
hint: 152	1164	Variable 'tempLsb' has been eliminated by optimizer	__temphum10_Driver.c
hint: 154	1164	Variable 'Temperature' has been eliminated by optimizer	__temphum10_Driver.c
hint: 175	1164	Variable 'lsb' has been eliminated by optimizer	__temphum10_Driver.c
diagnostics: 0	127	All files Compiled in 125 ms	 
hint: 0	1144	Used RX (bytes): 31 (97%)   Free RX (bytes): 1 (3%)	Used RX (bytes): 31 (97%)   Free RX (bytes): 1 (3%)
hint: 0	1144	Static RAM (bytes): 137   Dynamic RAM (bytes): 1911	Static RAM (bytes): 137   Dynamic RAM (bytes): 1911
hint: 0	1144	Used ROM (bytes): 6686 (23%)  Free ROM (bytes): 21986 (77%)	Used ROM (bytes): 6686 (23%)  Free ROM (bytes): 21986 (77%)
diagnostics: 0	125	Project Linked Successfully	Click_TempHum10_AVR.mcpav
hint: 120	1004	Possible stack overflow: recursion or cross-calling detected.	__Lib_TWI.c
diagnostics: 0	128	Linked in 78 ms	 
diagnostics: 0	129	Project 'Click_TempHum10_AVR.mcpav' completed: 219 ms	 
diagnostics: 0	103	Finished successfully: 12 dec 2018, 15:47:43	Click_TempHum10_AVR.mcpav
