0	1	mikroCFT90x.exe -MSF -DBG -p FT900 -BIN -DL -SSA -O11111114 -fo100 -N"D:\Clicks_git\T\Temp-Hum_10_click\SW\example\c\FT90x\Click_TempHum10_FT90x.mcpf9" -SP"C:\Users\Public\Documents\Mikroelektronika\mikroC PRO for FT90x\Defs\" -SP"C:\Users\Public\Documents\Mikroelektronika\mikroC PRO for FT90x\Uses\" -SP"D:\Clicks_git\T\Temp-Hum_10_click\SW\example\c\FT90x\" -SP"D:\Clicks_git\T\Temp-Hum_10_click\SW\library\HAL\" -SP"D:\Clicks_git\T\Temp-Hum_10_click\SW\library\" -SP"C:\Users\Public\Documents\Mikroelektronika\mikroC PRO for FT90x\Packages\mikroBUS Board Definition API\Uses\" -IP"C:\Users\Public\Documents\Mikroelektronika\mikroC PRO for FT90x\Uses\" -IP"D:\Clicks_git\T\Temp-Hum_10_click\SW\example\c\FT90x\" -IP"D:\Clicks_git\T\Temp-Hum_10_click\SW\library\" -IP"D:\Clicks_git\T\Temp-Hum_10_click\SW\library\HAL\" -IP"C:\Users\Public\Documents\Mikroelektronika\mikroC PRO for FT90x\Packages\mikroBUS Board Definition API\Uses\" "Click_TempHum10_FT90x.c" "__temphum10_Driver.c" "__Lib_Delays.emcl" "__Lib_System.emcl" "__Lib_Math.emcl" "__Lib_MathDouble.emcl" "__Lib_GPIO.emcl" "__Lib_CString.emcl" "__Lib_Conversions.emcl" "__Lib_I2C.emcl" "__Lib_UART.emcl" "easyft90x_v7_FT900.emcl" "Click_TempHum10.pld"	 
diagnostics: 0	122	Compilation Started	stdint.h
diagnostics: 82	123	Compiled Successfully	Click_TempHum10_FT90x.c
diagnostics: 0	122	Compilation Started	stdint.h
diagnostics: 191	123	Compiled Successfully	__temphum10_Driver.c
hint: 323	1164	Variable 'tmp' has been eliminated by optimizer	__temphum10_Driver.c
hint: 89	1164	Variable 'tmp' has been eliminated by optimizer	__temphum10_Driver.c
hint: 133	1164	Variable 'humMsb' has been eliminated by optimizer	__temphum10_Driver.c
hint: 136	1164	Variable 'Humidity' has been eliminated by optimizer	__temphum10_Driver.c
hint: 152	1164	Variable 'tempLsb' has been eliminated by optimizer	__temphum10_Driver.c
hint: 154	1164	Variable 'Temperature' has been eliminated by optimizer	__temphum10_Driver.c
hint: 149	1164	Variable 'tempIn' has been eliminated by optimizer	__temphum10_Driver.c
hint: 175	1164	Variable 'lsb' has been eliminated by optimizer	__temphum10_Driver.c
diagnostics: 0	127	All files Compiled in 125 ms	 
hint: 0	1144	Used RX: 20 (62%)   Free RX: 12 (38%)	Used RX: 20 (62%)   Free RX: 12 (38%)
hint: 0	1144	Static RAM (bytes): 381   Dynamic RAM (bytes): 65145	Static RAM (bytes): 381   Dynamic RAM (bytes): 65145
hint: 0	1144	Used ROM (bytes): 16628 (6%)  Free ROM (bytes): 245516 (94%)	Used ROM (bytes): 16628 (6%)  Free ROM (bytes): 245516 (94%)
diagnostics: 0	125	Project Linked Successfully	Click_TempHum10_FT90x.mcpf9
diagnostics: 0	128	Linked in 156 ms	 
diagnostics: 0	129	Project 'Click_TempHum10_FT90x.mcpf9' completed: 359 ms	 
diagnostics: 0	103	Finished successfully: 12 dec 2018, 16:14:01	Click_TempHum10_FT90x.mcpf9
